nmap -vv --reason -Pn -T4 -sV -sC --version-all -A --osscan-guess -oN "/home/beed2112/hackclub/results/servesup/scans/_quick_tcp_nmap.txt" -oX "/home/beed2112/hackclub/results/servesup/scans/xml/_quick_tcp_nmap.xml" servesup

nmap -vv --reason -Pn -T4 -sV -sC --version-all -A --osscan-guess -p- -oN "/home/beed2112/hackclub/results/servesup/scans/_full_tcp_nmap.txt" -oX "/home/beed2112/hackclub/results/servesup/scans/xml/_full_tcp_nmap.xml" servesup

nmap -vv --reason -Pn -T4 -sU -A --top-ports 100 -oN "/home/beed2112/hackclub/results/servesup/scans/_top_100_udp_nmap.txt" -oX "/home/beed2112/hackclub/results/servesup/scans/xml/_top_100_udp_nmap.xml" servesup

nmap -vv --reason -Pn -T4 -sV -p 135 --script="banner,msrpc-enum,rpc-grind,rpcinfo" -oN "/home/beed2112/hackclub/results/servesup/scans/tcp135/tcp_135_rpc_nmap.txt" -oX "/home/beed2112/hackclub/results/servesup/scans/tcp135/xml/tcp_135_rpc_nmap.xml" servesup

impacket-rpcdump -port 135 servesup

enum4linux -a -M -l -d servesup 2>&1

nbtscan -rvh servesup 2>&1

nmap -vv --reason -Pn -T4 -sV -p 139 --script="banner,(nbstat or smb* or ssl*) and not (brute or broadcast or dos or external or fuzzer)" -oN "/home/beed2112/hackclub/results/servesup/scans/tcp139/tcp_139_smb_nmap.txt" -oX "/home/beed2112/hackclub/results/servesup/scans/tcp139/xml/tcp_139_smb_nmap.xml" servesup

smbclient -L //servesup -N -I servesup 2>&1

smbmap -H servesup -P 139 2>&1

nmap -vv --reason -Pn -T4 -sV -p 445 --script="banner,(nbstat or smb* or ssl*) and not (brute or broadcast or dos or external or fuzzer)" -oN "/home/beed2112/hackclub/results/servesup/scans/tcp445/tcp_445_smb_nmap.txt" -oX "/home/beed2112/hackclub/results/servesup/scans/tcp445/xml/tcp_445_smb_nmap.xml" servesup

smbmap -H servesup -P 445 2>&1

feroxbuster -u http://servesup:5357/ -t 10 -w /usr/share/seclists/Discovery/Web-Content/common.txt -x "txt,html,php,asp,aspx,jsp" -v -k -n -q -o "/home/beed2112/hackclub/results/servesup/scans/tcp5357/tcp_5357_http_feroxbuster_common.txt"

curl -sSik http://servesup:5357/

curl -sSikf http://servesup:5357/.well-known/security.txt

curl -sSikf http://servesup:5357/robots.txt

nmap -vv --reason -Pn -T4 -sV -p 5357 --script="banner,(http* or ssl*) and not (brute or broadcast or dos or external or http-slowloris* or fuzzer)" -oN "/home/beed2112/hackclub/results/servesup/scans/tcp5357/tcp_5357_http_nmap.txt" -oX "/home/beed2112/hackclub/results/servesup/scans/tcp5357/xml/tcp_5357_http_nmap.xml" servesup

whatweb --color=never --no-errors -a 3 -v http://servesup:5357 2>&1

wkhtmltoimage --format png http://servesup:5357/ /home/beed2112/hackclub/results/servesup/scans/tcp5357/tcp_5357_http_screenshot.png

smbmap -u null -p "" -H servesup -P 139 2>&1

smbmap -u null -p "" -H servesup -P 445 2>&1

smbmap -H servesup -P 139 -R 2>&1

smbmap -H servesup -P 445 -R 2>&1

smbmap -u null -p "" -H servesup -P 139 -R 2>&1

smbmap -u null -p "" -H servesup -P 445 -R 2>&1

smbmap -H servesup -P 139 -x "ipconfig /all" 2>&1

smbmap -H servesup -P 445 -x "ipconfig /all" 2>&1

smbmap -u null -p "" -H servesup -P 139 -x "ipconfig /all" 2>&1

smbmap -u null -p "" -H servesup -P 445 -x "ipconfig /all" 2>&1

nmap -vv --reason -Pn -T4 -sU -sV -p 137 --script="banner,(nbstat or smb* or ssl*) and not (brute or broadcast or dos or external or fuzzer)" -oN "/home/beed2112/hackclub/results/servesup/scans/udp137/udp_137_smb_nmap.txt" -oX "/home/beed2112/hackclub/results/servesup/scans/udp137/xml/udp_137_smb_nmap.xml" servesup

smbmap -H servesup -P 137 2>&1

smbmap -u null -p "" -H servesup -P 137 2>&1

smbmap -H servesup -P 137 -R 2>&1

smbmap -u null -p "" -H servesup -P 137 -R 2>&1

smbmap -H servesup -P 137 -x "ipconfig /all" 2>&1

smbmap -u null -p "" -H servesup -P 137 -x "ipconfig /all" 2>&1

feroxbuster -u http://servesup:5357/ -t 10 -w /usr/share/seclists/Discovery/Web-Content/big.txt -x "txt,html,php,asp,aspx,jsp" -v -k -n -q -o "/home/beed2112/hackclub/results/servesup/scans/tcp5357/tcp_5357_http_feroxbuster_big.txt"

nmap -vv --reason -Pn -T4 -sV -p 49664 --script="banner,msrpc-enum,rpc-grind,rpcinfo" -oN "/home/beed2112/hackclub/results/servesup/scans/tcp49664/tcp_49664_rpc_nmap.txt" -oX "/home/beed2112/hackclub/results/servesup/scans/tcp49664/xml/tcp_49664_rpc_nmap.xml" servesup

impacket-rpcdump -port 49664 servesup

nmap -vv --reason -Pn -T4 -sV -p 49665 --script="banner,msrpc-enum,rpc-grind,rpcinfo" -oN "/home/beed2112/hackclub/results/servesup/scans/tcp49665/tcp_49665_rpc_nmap.txt" -oX "/home/beed2112/hackclub/results/servesup/scans/tcp49665/xml/tcp_49665_rpc_nmap.xml" servesup

impacket-rpcdump -port 49665 servesup

nmap -vv --reason -Pn -T4 -sV -p 49666 --script="banner,msrpc-enum,rpc-grind,rpcinfo" -oN "/home/beed2112/hackclub/results/servesup/scans/tcp49666/tcp_49666_rpc_nmap.txt" -oX "/home/beed2112/hackclub/results/servesup/scans/tcp49666/xml/tcp_49666_rpc_nmap.xml" servesup

impacket-rpcdump -port 49666 servesup

nmap -vv --reason -Pn -T4 -sV -p 49667 --script="banner,msrpc-enum,rpc-grind,rpcinfo" -oN "/home/beed2112/hackclub/results/servesup/scans/tcp49667/tcp_49667_rpc_nmap.txt" -oX "/home/beed2112/hackclub/results/servesup/scans/tcp49667/xml/tcp_49667_rpc_nmap.xml" servesup

impacket-rpcdump -port 49667 servesup

nmap -vv --reason -Pn -T4 -sV -p 49668 --script="banner,msrpc-enum,rpc-grind,rpcinfo" -oN "/home/beed2112/hackclub/results/servesup/scans/tcp49668/tcp_49668_rpc_nmap.txt" -oX "/home/beed2112/hackclub/results/servesup/scans/tcp49668/xml/tcp_49668_rpc_nmap.xml" servesup

impacket-rpcdump -port 49668 servesup

nmap -vv --reason -Pn -T4 -sV -p 49670 --script="banner,msrpc-enum,rpc-grind,rpcinfo" -oN "/home/beed2112/hackclub/results/servesup/scans/tcp49670/tcp_49670_rpc_nmap.txt" -oX "/home/beed2112/hackclub/results/servesup/scans/tcp49670/xml/tcp_49670_rpc_nmap.xml" servesup

impacket-rpcdump -port 49670 servesup

nmap -vv --reason -Pn -T4 -sV -p 49671 --script="banner,msrpc-enum,rpc-grind,rpcinfo" -oN "/home/beed2112/hackclub/results/servesup/scans/tcp49671/tcp_49671_rpc_nmap.txt" -oX "/home/beed2112/hackclub/results/servesup/scans/tcp49671/xml/tcp_49671_rpc_nmap.xml" servesup

impacket-rpcdump -port 49671 servesup

feroxbuster -u http://servesup:5357/ -t 10 -w /usr/share/seclists/Discovery/Web-Content/raft-large-words.txt -x "txt,html,php,asp,aspx,jsp" -v -k -n -q -o "/home/beed2112/hackclub/results/servesup/scans/tcp5357/tcp_5357_http_feroxbuster_raft-large-words.txt"

